{"/Users/kishanpatel/Documents/workspace/code/env-sanitizer/src/index.ts": {"path":"/Users/kishanpatel/Documents/workspace/code/env-sanitizer/src/index.ts","statementMap":{"0":{"start":{"line":32,"column":0},"end":{"line":32,"column":16}},"1":{"start":{"line":1,"column":0},"end":{"line":1,"column":28}},"2":{"start":{"line":3,"column":0},"end":{"line":3,"column":16}},"3":{"start":{"line":33,"column":17},"end":{"line":33,"column":24}},"4":{"start":{"line":35,"column":2},"end":{"line":175,"column":3}},"5":{"start":{"line":36,"column":17},"end":{"line":36,"column":28}},"6":{"start":{"line":37,"column":21},"end":{"line":37,"column":37}},"7":{"start":{"line":41,"column":4},"end":{"line":166,"column":5}},"8":{"start":{"line":42,"column":6},"end":{"line":46,"column":7}},"9":{"start":{"line":43,"column":8},"end":{"line":45,"column":10}},"10":{"start":{"line":47,"column":6},"end":{"line":47,"column":32}},"11":{"start":{"line":49,"column":6},"end":{"line":165,"column":7}},"12":{"start":{"line":51,"column":10},"end":{"line":51,"column":32}},"13":{"start":{"line":52,"column":10},"end":{"line":52,"column":16}},"14":{"start":{"line":55,"column":31},"end":{"line":55,"column":47}},"15":{"start":{"line":56,"column":10},"end":{"line":60,"column":11}},"16":{"start":{"line":57,"column":12},"end":{"line":59,"column":14}},"17":{"start":{"line":61,"column":10},"end":{"line":61,"column":36}},"18":{"start":{"line":62,"column":10},"end":{"line":62,"column":16}},"19":{"start":{"line":65,"column":10},"end":{"line":65,"column":77}},"20":{"start":{"line":66,"column":10},"end":{"line":66,"column":16}},"21":{"start":{"line":69,"column":10},"end":{"line":75,"column":11}},"22":{"start":{"line":70,"column":12},"end":{"line":70,"column":46}},"23":{"start":{"line":72,"column":12},"end":{"line":74,"column":14}},"24":{"start":{"line":76,"column":10},"end":{"line":76,"column":16}},"25":{"start":{"line":79,"column":10},"end":{"line":79,"column":70}},"26":{"start":{"line":79,"column":57},"end":{"line":79,"column":68}},"27":{"start":{"line":80,"column":10},"end":{"line":80,"column":16}},"28":{"start":{"line":83,"column":10},"end":{"line":83,"column":42}},"29":{"start":{"line":84,"column":10},"end":{"line":88,"column":11}},"30":{"start":{"line":85,"column":12},"end":{"line":87,"column":14}},"31":{"start":{"line":89,"column":10},"end":{"line":89,"column":16}},"32":{"start":{"line":92,"column":10},"end":{"line":98,"column":11}},"33":{"start":{"line":93,"column":12},"end":{"line":93,"column":46}},"34":{"start":{"line":95,"column":12},"end":{"line":97,"column":14}},"35":{"start":{"line":99,"column":10},"end":{"line":99,"column":16}},"36":{"start":{"line":102,"column":10},"end":{"line":108,"column":11}},"37":{"start":{"line":103,"column":12},"end":{"line":103,"column":43}},"38":{"start":{"line":105,"column":12},"end":{"line":107,"column":14}},"39":{"start":{"line":109,"column":10},"end":{"line":109,"column":16}},"40":{"start":{"line":112,"column":29},"end":{"line":112,"column":79}},"41":{"start":{"line":113,"column":10},"end":{"line":117,"column":11}},"42":{"start":{"line":114,"column":12},"end":{"line":116,"column":14}},"43":{"start":{"line":118,"column":10},"end":{"line":118,"column":32}},"44":{"start":{"line":119,"column":10},"end":{"line":119,"column":16}},"45":{"start":{"line":123,"column":12},"end":{"line":123,"column":91}},"46":{"start":{"line":124,"column":10},"end":{"line":128,"column":11}},"47":{"start":{"line":125,"column":12},"end":{"line":127,"column":14}},"48":{"start":{"line":129,"column":10},"end":{"line":129,"column":32}},"49":{"start":{"line":130,"column":10},"end":{"line":130,"column":16}},"50":{"start":{"line":133,"column":10},"end":{"line":141,"column":11}},"51":{"start":{"line":134,"column":12},"end":{"line":134,"column":46}},"52":{"start":{"line":136,"column":12},"end":{"line":140,"column":14}},"53":{"start":{"line":142,"column":10},"end":{"line":142,"column":16}},"54":{"start":{"line":145,"column":31},"end":{"line":145,"column":47}},"55":{"start":{"line":146,"column":10},"end":{"line":146,"column":36}},"56":{"start":{"line":147,"column":10},"end":{"line":147,"column":16}},"57":{"start":{"line":150,"column":28},"end":{"line":150,"column":50}},"58":{"start":{"line":151,"column":10},"end":{"line":155,"column":11}},"59":{"start":{"line":152,"column":12},"end":{"line":154,"column":14}},"60":{"start":{"line":156,"column":10},"end":{"line":156,"column":33}},"61":{"start":{"line":157,"column":10},"end":{"line":157,"column":16}},"62":{"start":{"line":160,"column":10},"end":{"line":160,"column":70}},"63":{"start":{"line":160,"column":57},"end":{"line":160,"column":68}},"64":{"start":{"line":161,"column":10},"end":{"line":161,"column":16}},"65":{"start":{"line":164,"column":10},"end":{"line":164,"column":79}},"66":{"start":{"line":168,"column":4},"end":{"line":172,"column":5}},"67":{"start":{"line":169,"column":6},"end":{"line":171,"column":8}},"68":{"start":{"line":174,"column":4},"end":{"line":174,"column":29}},"69":{"start":{"line":177,"column":2},"end":{"line":177,"column":16}}},"fnMap":{"0":{"name":"sanitizeEnv","decl":{"start":{"line":32,"column":16},"end":{"line":32,"column":27}},"loc":{"start":{"line":32,"column":51},"end":{"line":178,"column":1}}},"1":{"name":"(anonymous_2)","decl":{"start":{"line":79,"column":47},"end":{"line":79,"column":48}},"loc":{"start":{"line":79,"column":57},"end":{"line":79,"column":68}}},"2":{"name":"(anonymous_3)","decl":{"start":{"line":160,"column":47},"end":{"line":160,"column":48}},"loc":{"start":{"line":160,"column":57},"end":{"line":160,"column":68}}}},"branchMap":{"0":{"loc":{"start":{"line":41,"column":4},"end":{"line":166,"column":5}},"type":"if","locations":[{"start":{"line":41,"column":4},"end":{"line":166,"column":5}},{"start":{"line":48,"column":11},"end":{"line":166,"column":5}}]},"1":{"loc":{"start":{"line":41,"column":8},"end":{"line":41,"column":70}},"type":"binary-expr","locations":[{"start":{"line":41,"column":8},"end":{"line":41,"column":30}},{"start":{"line":41,"column":34},"end":{"line":41,"column":51}},{"start":{"line":41,"column":55},"end":{"line":41,"column":70}}]},"2":{"loc":{"start":{"line":42,"column":6},"end":{"line":46,"column":7}},"type":"if","locations":[{"start":{"line":42,"column":6},"end":{"line":46,"column":7}}]},"3":{"loc":{"start":{"line":42,"column":10},"end":{"line":42,"column":53}},"type":"binary-expr","locations":[{"start":{"line":42,"column":10},"end":{"line":42,"column":23}},{"start":{"line":42,"column":27},"end":{"line":42,"column":53}}]},"4":{"loc":{"start":{"line":49,"column":6},"end":{"line":165,"column":7}},"type":"switch","locations":[{"start":{"line":50,"column":8},"end":{"line":52,"column":16}},{"start":{"line":54,"column":8},"end":{"line":62,"column":16}},{"start":{"line":64,"column":8},"end":{"line":66,"column":16}},{"start":{"line":68,"column":8},"end":{"line":76,"column":16}},{"start":{"line":78,"column":8},"end":{"line":80,"column":16}},{"start":{"line":82,"column":8},"end":{"line":89,"column":16}},{"start":{"line":91,"column":8},"end":{"line":99,"column":16}},{"start":{"line":101,"column":8},"end":{"line":109,"column":16}},{"start":{"line":111,"column":8},"end":{"line":119,"column":16}},{"start":{"line":121,"column":8},"end":{"line":130,"column":16}},{"start":{"line":132,"column":8},"end":{"line":142,"column":16}},{"start":{"line":144,"column":8},"end":{"line":147,"column":16}},{"start":{"line":149,"column":8},"end":{"line":157,"column":16}},{"start":{"line":159,"column":8},"end":{"line":161,"column":16}},{"start":{"line":163,"column":8},"end":{"line":164,"column":79}}]},"5":{"loc":{"start":{"line":56,"column":10},"end":{"line":60,"column":11}},"type":"if","locations":[{"start":{"line":56,"column":10},"end":{"line":60,"column":11}}]},"6":{"loc":{"start":{"line":84,"column":10},"end":{"line":88,"column":11}},"type":"if","locations":[{"start":{"line":84,"column":10},"end":{"line":88,"column":11}}]},"7":{"loc":{"start":{"line":113,"column":10},"end":{"line":117,"column":11}},"type":"if","locations":[{"start":{"line":113,"column":10},"end":{"line":117,"column":11}}]},"8":{"loc":{"start":{"line":124,"column":10},"end":{"line":128,"column":11}},"type":"if","locations":[{"start":{"line":124,"column":10},"end":{"line":128,"column":11}}]},"9":{"loc":{"start":{"line":151,"column":10},"end":{"line":155,"column":11}},"type":"if","locations":[{"start":{"line":151,"column":10},"end":{"line":155,"column":11}}]},"10":{"loc":{"start":{"line":168,"column":4},"end":{"line":172,"column":5}},"type":"if","locations":[{"start":{"line":168,"column":4},"end":{"line":172,"column":5}}]},"11":{"loc":{"start":{"line":168,"column":8},"end":{"line":168,"column":53}},"type":"binary-expr","locations":[{"start":{"line":168,"column":8},"end":{"line":168,"column":22}},{"start":{"line":168,"column":26},"end":{"line":168,"column":53}}]}},"s":{"0":1,"1":1,"2":1,"3":16,"4":16,"5":18,"6":18,"7":18,"8":2,"9":1,"10":1,"11":16,"12":5,"13":5,"14":2,"15":2,"16":1,"17":1,"18":1,"19":1,"20":1,"21":1,"22":1,"23":0,"24":1,"25":1,"26":3,"27":1,"28":1,"29":1,"30":0,"31":1,"32":0,"33":0,"34":0,"35":0,"36":1,"37":1,"38":0,"39":1,"40":0,"41":0,"42":0,"43":0,"44":0,"45":0,"46":0,"47":0,"48":0,"49":0,"50":1,"51":1,"52":0,"53":1,"54":1,"55":1,"56":1,"57":1,"58":1,"59":0,"60":1,"61":1,"62":1,"63":3,"64":1,"65":0,"66":16,"67":1,"68":15,"69":13},"f":{"0":16,"1":3,"2":3},"b":{"0":[2,16],"1":[18,16,16],"2":[1],"3":[2,1],"4":[5,2,1,1,1,1,0,1,0,0,1,1,1,1,0],"5":[1],"6":[0],"7":[0],"8":[0],"9":[0],"10":[1],"11":[16,4]}}
}
