TN:
SF:src/index.ts
FN:32,sanitizeEnv
FN:79,(anonymous_2)
FN:160,(anonymous_3)
FNF:3
FNH:3
FNDA:16,sanitizeEnv
FNDA:3,(anonymous_2)
FNDA:3,(anonymous_3)
DA:1,1
DA:3,1
DA:32,1
DA:33,16
DA:35,16
DA:36,18
DA:37,18
DA:41,18
DA:42,2
DA:43,1
DA:47,1
DA:49,16
DA:51,5
DA:52,5
DA:55,2
DA:56,2
DA:57,1
DA:61,1
DA:62,1
DA:65,1
DA:66,1
DA:69,1
DA:70,1
DA:72,0
DA:76,1
DA:79,3
DA:80,1
DA:83,1
DA:84,1
DA:85,0
DA:89,1
DA:92,0
DA:93,0
DA:95,0
DA:99,0
DA:102,1
DA:103,1
DA:105,0
DA:109,1
DA:112,0
DA:113,0
DA:114,0
DA:118,0
DA:119,0
DA:123,0
DA:124,0
DA:125,0
DA:129,0
DA:130,0
DA:133,1
DA:134,1
DA:136,0
DA:142,1
DA:145,1
DA:146,1
DA:147,1
DA:150,1
DA:151,1
DA:152,0
DA:156,1
DA:157,1
DA:160,3
DA:161,1
DA:164,0
DA:168,16
DA:169,1
DA:174,15
DA:177,13
LF:68
LH:48
BRDA:41,0,0,2
BRDA:41,0,1,16
BRDA:41,1,0,18
BRDA:41,1,1,16
BRDA:41,1,2,16
BRDA:42,2,0,1
BRDA:42,3,0,2
BRDA:42,3,1,1
BRDA:49,4,0,5
BRDA:49,4,1,2
BRDA:49,4,2,1
BRDA:49,4,3,1
BRDA:49,4,4,1
BRDA:49,4,5,1
BRDA:49,4,6,0
BRDA:49,4,7,1
BRDA:49,4,8,0
BRDA:49,4,9,0
BRDA:49,4,10,1
BRDA:49,4,11,1
BRDA:49,4,12,1
BRDA:49,4,13,1
BRDA:49,4,14,0
BRDA:56,5,0,1
BRDA:84,6,0,0
BRDA:113,7,0,0
BRDA:124,8,0,0
BRDA:151,9,0,0
BRDA:168,10,0,1
BRDA:168,11,0,16
BRDA:168,11,1,4
BRF:31
BRH:23
end_of_record
